Started GET "/" for 127.0.0.1 at 2017-07-18 11:03:09 -0400
Processing by WelcomeController#index as HTML
  Rendering welcome/index.html.erb within layouts/application
  Rendered welcome/index.html.erb within layouts/application (3.2ms)
Completed 500 Internal Server Error in 2974ms


  
ActionView::Template::Error (Can't find application.js in /home/gabriel216/Proyecto_final/proyecto_final/public/packs/manifest.json. Is webpack still compiling?):
     6: 
     7:     <%= stylesheet_link_tag    'application', media: 'all', 'data-turbolinks-track': 'reload' %>
     8:     <%= javascript_include_tag 'application', 'data-turbolinks-track': 'reload' %>
     9: 	<%= javascript_pack_tag "application",'data-turbolinks-track': 'reload' %>
    10:   </head>
    11: 
    12:   <body>
  
app/views/layouts/application.html.erb:9:in `_app_views_layouts_application_html_erb___2276988280854534353_33712720'
Started GET "/" for 127.0.0.1 at 2017-07-18 11:03:48 -0400
Processing by WelcomeController#index as HTML
  Rendering welcome/index.html.erb within layouts/application
  Rendered welcome/index.html.erb within layouts/application (1.9ms)
Completed 500 Internal Server Error in 31ms


  
ActionView::Template::Error (Can't find application.js in /home/gabriel216/Proyecto_final/proyecto_final/public/packs/manifest.json. Is webpack still compiling?):
     6: 
     7:     <%= stylesheet_link_tag    'application', media: 'all', 'data-turbolinks-track': 'reload' %>
     8:     <%= javascript_include_tag 'application', 'data-turbolinks-track': 'reload' %>
     9: 	<%= javascript_pack_tag 'application','data-turbolinks-track': 'reload' %>
    10:   </head>
    11: 
    12:   <body>
  
app/views/layouts/application.html.erb:9:in `_app_views_layouts_application_html_erb___2276988280854534353_70054565096640'
Started GET "/" for 127.0.0.1 at 2017-07-18 11:04:27 -0400
Processing by WelcomeController#index as HTML
  Rendering welcome/index.html.erb within layouts/application
  Rendered welcome/index.html.erb within layouts/application (0.4ms)
Completed 500 Internal Server Error in 36ms


  
ActionView::Template::Error (Can't find application.js in /home/gabriel216/Proyecto_final/proyecto_final/public/packs/manifest.json. Is webpack still compiling?):
     6: 
     7:     <%= stylesheet_link_tag    'application', media: 'all', 'data-turbolinks-track': 'reload' %>
     8:     <%= javascript_include_tag 'application', 'data-turbolinks-track': 'reload' %>
     9:     <%= javascript_pack_tag 'application', 'data-turbolinks-track': 'reload' %>
    10:   </head>
    11: 
    12:   <body>
  
app/views/layouts/application.html.erb:9:in `_app_views_layouts_application_html_erb___2276988280854534353_70054567503780'
Started GET "/" for 127.0.0.1 at 2017-07-18 11:05:21 -0400
Processing by WelcomeController#index as HTML
  Rendering welcome/index.html.erb within layouts/application
  Rendered welcome/index.html.erb within layouts/application (1.3ms)
Completed 500 Internal Server Error in 3696ms


  
ActionView::Template::Error (Can't find application.js in /home/gabriel216/Proyecto_final/proyecto_final/public/packs/manifest.json. Is webpack still compiling?):
     6: 
     7:     <%= stylesheet_link_tag    'application', media: 'all', 'data-turbolinks-track': 'reload' %>
     8:     <%= javascript_include_tag 'application', 'data-turbolinks-track': 'reload' %>
     9:     <%= javascript_pack_tag 'application', 'data-turbolinks-track': 'reload' %>
    10:   </head>
    11: 
    12:   <body>
  
app/views/layouts/application.html.erb:9:in `_app_views_layouts_application_html_erb__800879903991960367_24505460'
Started GET "/" for 127.0.0.1 at 2017-07-18 11:06:20 -0400
Processing by WelcomeController#index as HTML
  Rendering welcome/index.html.erb within layouts/application
  Rendered welcome/index.html.erb within layouts/application (0.6ms)
Completed 200 OK in 31ms (Views: 29.7ms)


Started GET "/" for 127.0.0.1 at 2017-07-18 11:36:20 -0400
Processing by WelcomeController#index as HTML
  Rendering welcome/index.html.erb within layouts/application
  Rendered welcome/index.html.erb within layouts/application (2.0ms)
Completed 200 OK in 2975ms (Views: 2683.7ms)


  [1m[35m (122.5ms)[0m  [1m[35mCREATE TABLE "schema_migrations" ("version" character varying NOT NULL PRIMARY KEY)[0m
  [1m[35m (119.4ms)[0m  [1m[35mCREATE TABLE "ar_internal_metadata" ("key" character varying NOT NULL PRIMARY KEY, "value" character varying, "created_at" timestamp NOT NULL, "updated_at" timestamp NOT NULL)[0m
  [1m[35m (0.2ms)[0m  [1m[34mSELECT pg_try_advisory_lock(509527861063894575);[0m
  [1m[35m (0.6ms)[0m  [1m[34mSELECT "schema_migrations"."version" FROM "schema_migrations" ORDER BY "schema_migrations"."version" ASC[0m
Migrating to DeviseCreateUsers (20170718153736)
  [1m[35m (0.2ms)[0m  [1m[35mBEGIN[0m
  [1m[35m (84.8ms)[0m  [1m[35mCREATE TABLE "users" ("id" bigserial primary key, "email" character varying DEFAULT '' NOT NULL, "encrypted_password" character varying DEFAULT '' NOT NULL, "reset_password_token" character varying, "reset_password_sent_at" timestamp, "remember_created_at" timestamp, "sign_in_count" integer DEFAULT 0 NOT NULL, "current_sign_in_at" timestamp, "last_sign_in_at" timestamp, "current_sign_in_ip" inet, "last_sign_in_ip" inet, "created_at" timestamp NOT NULL, "updated_at" timestamp NOT NULL)[0m
  [1m[35m (42.7ms)[0m  [1m[35mCREATE UNIQUE INDEX  "index_users_on_email" ON "users"  ("email")[0m
  [1m[35m (53.2ms)[0m  [1m[35mCREATE UNIQUE INDEX  "index_users_on_reset_password_token" ON "users"  ("reset_password_token")[0m
  [1m[35mSQL (0.5ms)[0m  [1m[32mINSERT INTO "schema_migrations" ("version") VALUES ($1) RETURNING "version"[0m  [["version", "20170718153736"]]
  [1m[35m (16.8ms)[0m  [1m[35mCOMMIT[0m
  [1m[36mActiveRecord::InternalMetadata Load (0.5ms)[0m  [1m[34mSELECT  "ar_internal_metadata".* FROM "ar_internal_metadata" WHERE "ar_internal_metadata"."key" = $1 LIMIT $2[0m  [["key", "environment"], ["LIMIT", 1]]
  [1m[35m (0.2ms)[0m  [1m[35mBEGIN[0m
  [1m[35mSQL (0.6ms)[0m  [1m[32mINSERT INTO "ar_internal_metadata" ("key", "value", "created_at", "updated_at") VALUES ($1, $2, $3, $4) RETURNING "key"[0m  [["key", "environment"], ["value", "development"], ["created_at", "2017-07-18 15:38:02.166932"], ["updated_at", "2017-07-18 15:38:02.166932"]]
  [1m[35m (3.8ms)[0m  [1m[35mCOMMIT[0m
  [1m[35m (0.9ms)[0m  [1m[34mSELECT pg_advisory_unlock(509527861063894575)[0m
  [1m[35m (0.3ms)[0m  [1m[34mSELECT "schema_migrations"."version" FROM "schema_migrations" ORDER BY "schema_migrations"."version" ASC[0m
Started GET "/users" for 127.0.0.1 at 2017-07-18 11:43:20 -0400
  [1m[35m (0.7ms)[0m  [1m[34mSELECT "schema_migrations"."version" FROM "schema_migrations" ORDER BY "schema_migrations"."version" ASC[0m
  
ActionController::RoutingError (No route matches [GET] "/users"):
  
actionpack (5.1.2) lib/action_dispatch/middleware/debug_exceptions.rb:63:in `call'
web-console (3.5.1) lib/web_console/middleware.rb:135:in `call_app'
web-console (3.5.1) lib/web_console/middleware.rb:28:in `block in call'
web-console (3.5.1) lib/web_console/middleware.rb:18:in `catch'
web-console (3.5.1) lib/web_console/middleware.rb:18:in `call'
actionpack (5.1.2) lib/action_dispatch/middleware/show_exceptions.rb:31:in `call'
railties (5.1.2) lib/rails/rack/logger.rb:36:in `call_app'
railties (5.1.2) lib/rails/rack/logger.rb:24:in `block in call'
activesupport (5.1.2) lib/active_support/tagged_logging.rb:69:in `block in tagged'
activesupport (5.1.2) lib/active_support/tagged_logging.rb:26:in `tagged'
activesupport (5.1.2) lib/active_support/tagged_logging.rb:69:in `tagged'
railties (5.1.2) lib/rails/rack/logger.rb:24:in `call'
sprockets-rails (3.2.0) lib/sprockets/rails/quiet_assets.rb:13:in `call'
actionpack (5.1.2) lib/action_dispatch/middleware/remote_ip.rb:79:in `call'
actionpack (5.1.2) lib/action_dispatch/middleware/request_id.rb:25:in `call'
rack (2.0.3) lib/rack/method_override.rb:22:in `call'
rack (2.0.3) lib/rack/runtime.rb:22:in `call'
activesupport (5.1.2) lib/active_support/cache/strategy/local_cache_middleware.rb:27:in `call'
actionpack (5.1.2) lib/action_dispatch/middleware/executor.rb:12:in `call'
actionpack (5.1.2) lib/action_dispatch/middleware/static.rb:125:in `call'
rack (2.0.3) lib/rack/sendfile.rb:111:in `call'
railties (5.1.2) lib/rails/engine.rb:522:in `call'
puma (3.9.1) lib/puma/configuration.rb:224:in `call'
puma (3.9.1) lib/puma/server.rb:602:in `handle_request'
puma (3.9.1) lib/puma/server.rb:435:in `process_client'
puma (3.9.1) lib/puma/server.rb:299:in `block in run'
puma (3.9.1) lib/puma/thread_pool.rb:120:in `block in spawn_thread'
Started GET "/users/sign_in" for 127.0.0.1 at 2017-07-18 11:43:28 -0400
Processing by Devise::SessionsController#new as HTML
  Rendering devise/sessions/new.html.erb within layouts/application
  Rendered devise/shared/_links.html.erb (1.6ms)
  Rendered devise/sessions/new.html.erb within layouts/application (122.9ms)
Completed 200 OK in 2071ms (Views: 2011.4ms | ActiveRecord: 4.5ms)


Started GET "/users/sign_up" for 127.0.0.1 at 2017-07-18 11:44:23 -0400
Processing by Devise::RegistrationsController#new as HTML
  Rendering devise/registrations/new.html.erb within layouts/application
  Rendered devise/shared/_links.html.erb (1.0ms)
  Rendered devise/registrations/new.html.erb within layouts/application (4.2ms)
Completed 200 OK in 31ms (Views: 28.2ms | ActiveRecord: 0.0ms)


Started POST "/users" for 127.0.0.1 at 2017-07-18 11:44:49 -0400
Processing by Devise::RegistrationsController#create as HTML
  Parameters: {"utf8"=>"✓", "authenticity_token"=>"C0rI8EoiVpsDyXRcjLWjffqWccCSfxGfgDCRoCXpW9Iro4/Yy5KAtHTaEnegOTLxX6qvwlRXH7e/uc59Sa33ng==", "user"=>{"email"=>"antonio.franceskin@gmail.com", "password"=>"[FILTERED]", "password_confirmation"=>"[FILTERED]"}, "commit"=>"Sign up"}
  [1m[35m (0.2ms)[0m  [1m[35mBEGIN[0m
  [1m[36mUser Exists (0.7ms)[0m  [1m[34mSELECT  1 AS one FROM "users" WHERE "users"."email" = $1 LIMIT $2[0m  [["email", "antonio.franceskin@gmail.com"], ["LIMIT", 1]]
  [1m[35mSQL (10.6ms)[0m  [1m[32mINSERT INTO "users" ("email", "encrypted_password", "created_at", "updated_at") VALUES ($1, $2, $3, $4) RETURNING "id"[0m  [["email", "antonio.franceskin@gmail.com"], ["encrypted_password", "$2a$11$nqo9iqGWLiTmD67ZbPnrWuVkXi1uFPVUKnkXyDZdid6yFvr0jgc1S"], ["created_at", "2017-07-18 15:44:50.190443"], ["updated_at", "2017-07-18 15:44:50.190443"]]
  [1m[35m (14.9ms)[0m  [1m[35mCOMMIT[0m
  [1m[35m (0.2ms)[0m  [1m[35mBEGIN[0m
  [1m[35mSQL (0.5ms)[0m  [1m[33mUPDATE "users" SET "sign_in_count" = $1, "current_sign_in_at" = $2, "last_sign_in_at" = $3, "current_sign_in_ip" = $4, "last_sign_in_ip" = $5, "updated_at" = $6 WHERE "users"."id" = $7[0m  [["sign_in_count", 1], ["current_sign_in_at", "2017-07-18 15:44:50.218103"], ["last_sign_in_at", "2017-07-18 15:44:50.218103"], ["current_sign_in_ip", "127.0.0.1/32"], ["last_sign_in_ip", "127.0.0.1/32"], ["updated_at", "2017-07-18 15:44:50.218797"], ["id", 1]]
  [1m[35m (40.7ms)[0m  [1m[35mCOMMIT[0m
Redirected to http://localhost:3000/
Completed 302 Found in 423ms (ActiveRecord: 67.8ms)


Started GET "/" for 127.0.0.1 at 2017-07-18 11:44:50 -0400
Processing by WelcomeController#index as HTML
  [1m[36mUser Load (1.5ms)[0m  [1m[34mSELECT  "users".* FROM "users" WHERE "users"."id" = $1 ORDER BY "users"."id" ASC LIMIT $2[0m  [["id", 1], ["LIMIT", 1]]
  Rendering welcome/index.html.erb within layouts/application
  Rendered welcome/index.html.erb within layouts/application (0.4ms)
Completed 200 OK in 45ms (Views: 22.6ms | ActiveRecord: 1.5ms)


Started GET "/users/sign_in" for 127.0.0.1 at 2017-07-18 11:45:39 -0400
Processing by Devise::SessionsController#new as HTML
  [1m[36mUser Load (0.5ms)[0m  [1m[34mSELECT  "users".* FROM "users" WHERE "users"."id" = $1 ORDER BY "users"."id" ASC LIMIT $2[0m  [["id", 1], ["LIMIT", 1]]
Redirected to http://localhost:3000/
Filter chain halted as :require_no_authentication rendered or redirected
Completed 302 Found in 4ms (ActiveRecord: 0.5ms)


Started GET "/" for 127.0.0.1 at 2017-07-18 11:45:39 -0400
Processing by WelcomeController#index as HTML
  [1m[36mUser Load (0.5ms)[0m  [1m[34mSELECT  "users".* FROM "users" WHERE "users"."id" = $1 ORDER BY "users"."id" ASC LIMIT $2[0m  [["id", 1], ["LIMIT", 1]]
  Rendering welcome/index.html.erb within layouts/application
  Rendered welcome/index.html.erb within layouts/application (0.3ms)
Completed 200 OK in 29ms (Views: 25.8ms | ActiveRecord: 0.5ms)


Started GET "/users/sign_up" for 127.0.0.1 at 2017-07-18 11:45:53 -0400
  [1m[35m (0.6ms)[0m  [1m[34mSELECT "schema_migrations"."version" FROM "schema_migrations" ORDER BY "schema_migrations"."version" ASC[0m
Processing by Devise::RegistrationsController#new as HTML
  [1m[36mUser Load (0.8ms)[0m  [1m[34mSELECT  "users".* FROM "users" WHERE "users"."id" = $1 ORDER BY "users"."id" ASC LIMIT $2[0m  [["id", 1], ["LIMIT", 1]]
Redirected to http://localhost:3000/
Filter chain halted as :require_no_authentication rendered or redirected
Completed 302 Found in 57ms (ActiveRecord: 9.0ms)


Started GET "/" for 127.0.0.1 at 2017-07-18 11:45:53 -0400
Processing by WelcomeController#index as HTML
  [1m[36mUser Load (0.4ms)[0m  [1m[34mSELECT  "users".* FROM "users" WHERE "users"."id" = $1 ORDER BY "users"."id" ASC LIMIT $2[0m  [["id", 1], ["LIMIT", 1]]
  Rendering welcome/index.html.erb within layouts/application
  Rendered welcome/index.html.erb within layouts/application (5.2ms)
Completed 200 OK in 1592ms (Views: 1587.0ms | ActiveRecord: 0.4ms)


Started GET "/rails/info/routes" for 127.0.0.1 at 2017-07-18 11:46:20 -0400
Processing by Rails::InfoController#routes as HTML
  Rendering /home/gabriel216/.rvm/gems/ruby-2.4.0/gems/railties-5.1.2/lib/rails/templates/rails/info/routes.html.erb within layouts/application
  Rendered collection of /home/gabriel216/.rvm/gems/ruby-2.4.0/gems/actionpack-5.1.2/lib/action_dispatch/middleware/templates/routes/_route.html.erb [17 times] (14.7ms)
  Rendered /home/gabriel216/.rvm/gems/ruby-2.4.0/gems/actionpack-5.1.2/lib/action_dispatch/middleware/templates/routes/_table.html.erb (5.5ms)
  Rendered /home/gabriel216/.rvm/gems/ruby-2.4.0/gems/railties-5.1.2/lib/rails/templates/rails/info/routes.html.erb within layouts/application (24.5ms)
Completed 200 OK in 271ms (Views: 153.1ms | ActiveRecord: 0.0ms)


Started GET "/users/sign_out" for 127.0.0.1 at 2017-07-18 11:47:00 -0400
  
ActionController::RoutingError (No route matches [GET] "/users/sign_out"):
  
actionpack (5.1.2) lib/action_dispatch/middleware/debug_exceptions.rb:63:in `call'
web-console (3.5.1) lib/web_console/middleware.rb:135:in `call_app'
web-console (3.5.1) lib/web_console/middleware.rb:28:in `block in call'
web-console (3.5.1) lib/web_console/middleware.rb:18:in `catch'
web-console (3.5.1) lib/web_console/middleware.rb:18:in `call'
actionpack (5.1.2) lib/action_dispatch/middleware/show_exceptions.rb:31:in `call'
railties (5.1.2) lib/rails/rack/logger.rb:36:in `call_app'
railties (5.1.2) lib/rails/rack/logger.rb:24:in `block in call'
activesupport (5.1.2) lib/active_support/tagged_logging.rb:69:in `block in tagged'
activesupport (5.1.2) lib/active_support/tagged_logging.rb:26:in `tagged'
activesupport (5.1.2) lib/active_support/tagged_logging.rb:69:in `tagged'
railties (5.1.2) lib/rails/rack/logger.rb:24:in `call'
sprockets-rails (3.2.0) lib/sprockets/rails/quiet_assets.rb:13:in `call'
actionpack (5.1.2) lib/action_dispatch/middleware/remote_ip.rb:79:in `call'
actionpack (5.1.2) lib/action_dispatch/middleware/request_id.rb:25:in `call'
rack (2.0.3) lib/rack/method_override.rb:22:in `call'
rack (2.0.3) lib/rack/runtime.rb:22:in `call'
activesupport (5.1.2) lib/active_support/cache/strategy/local_cache_middleware.rb:27:in `call'
actionpack (5.1.2) lib/action_dispatch/middleware/executor.rb:12:in `call'
actionpack (5.1.2) lib/action_dispatch/middleware/static.rb:125:in `call'
rack (2.0.3) lib/rack/sendfile.rb:111:in `call'
railties (5.1.2) lib/rails/engine.rb:522:in `call'
puma (3.9.1) lib/puma/configuration.rb:224:in `call'
puma (3.9.1) lib/puma/server.rb:602:in `handle_request'
puma (3.9.1) lib/puma/server.rb:435:in `process_client'
puma (3.9.1) lib/puma/server.rb:299:in `block in run'
puma (3.9.1) lib/puma/thread_pool.rb:120:in `block in spawn_thread'
Started GET "/" for 127.0.0.1 at 2017-07-18 11:50:52 -0400
  [1m[35m (0.7ms)[0m  [1m[34mSELECT "schema_migrations"."version" FROM "schema_migrations" ORDER BY "schema_migrations"."version" ASC[0m
Processing by WelcomeController#index as HTML
  [1m[36mUser Load (0.8ms)[0m  [1m[34mSELECT  "users".* FROM "users" WHERE "users"."id" = $1 ORDER BY "users"."id" ASC LIMIT $2[0m  [["id", 1], ["LIMIT", 1]]
  Rendering welcome/index.html.erb within layouts/application
  Rendered welcome/index.html.erb within layouts/application (1.3ms)
Completed 200 OK in 2219ms (Views: 2144.4ms | ActiveRecord: 7.3ms)


Started DELETE "/users/sign_out" for 127.0.0.1 at 2017-07-18 11:50:59 -0400
Processing by Devise::SessionsController#destroy as HTML
  Parameters: {"authenticity_token"=>"nHPBai8WSm6Xqige5VTao8hvTByXG+g6mD8JZeMPtbNdeIMtTVORJjOFV6l8vFEtPEdPRSlXyuqcPmLGFuFZMQ=="}
  [1m[36mUser Load (0.3ms)[0m  [1m[34mSELECT  "users".* FROM "users" WHERE "users"."id" = $1 ORDER BY "users"."id" ASC LIMIT $2[0m  [["id", 1], ["LIMIT", 1]]
  [1m[35m (0.2ms)[0m  [1m[35mBEGIN[0m
  [1m[35m (0.2ms)[0m  [1m[35mCOMMIT[0m
Redirected to http://localhost:3000/
Completed 302 Found in 42ms (ActiveRecord: 0.7ms)


Started GET "/" for 127.0.0.1 at 2017-07-18 11:50:59 -0400
Processing by WelcomeController#index as HTML
Completed 401 Unauthorized in 5ms (ActiveRecord: 0.0ms)


Started GET "/users/sign_in" for 127.0.0.1 at 2017-07-18 11:50:59 -0400
Processing by Devise::SessionsController#new as HTML
  Rendering devise/sessions/new.html.erb within layouts/application
  Rendered devise/shared/_links.html.erb (3.9ms)
  Rendered devise/sessions/new.html.erb within layouts/application (15.9ms)
Completed 200 OK in 46ms (Views: 41.8ms | ActiveRecord: 0.0ms)


Started POST "/users/sign_in" for 127.0.0.1 at 2017-07-18 11:51:11 -0400
Processing by Devise::SessionsController#create as HTML
  Parameters: {"utf8"=>"✓", "authenticity_token"=>"54zitso1tVgS+lgF0qeW2Gaml8YjyRaw4uqlQqeMuHaJEoQq/Fd/Bnlm1cqjdeLks1TGmF86QmuOc+/jzuil1g==", "user"=>{"email"=>"antonio.franceskin@gmail.com", "password"=>"[FILTERED]", "remember_me"=>"0"}, "commit"=>"Log in"}
  [1m[36mUser Load (1.1ms)[0m  [1m[34mSELECT  "users".* FROM "users" WHERE "users"."email" = $1 ORDER BY "users"."id" ASC LIMIT $2[0m  [["email", "antonio.franceskin@gmail.com"], ["LIMIT", 1]]
  [1m[35m (0.2ms)[0m  [1m[35mBEGIN[0m
  [1m[35mSQL (0.4ms)[0m  [1m[33mUPDATE "users" SET "current_sign_in_at" = $1, "sign_in_count" = $2, "updated_at" = $3 WHERE "users"."id" = $4[0m  [["current_sign_in_at", "2017-07-18 15:51:11.607414"], ["sign_in_count", 2], ["updated_at", "2017-07-18 15:51:11.608279"], ["id", 1]]
  [1m[35m (11.8ms)[0m  [1m[35mCOMMIT[0m
Redirected to http://localhost:3000/
Completed 302 Found in 228ms (ActiveRecord: 13.5ms)


Started GET "/" for 127.0.0.1 at 2017-07-18 11:51:11 -0400
Processing by WelcomeController#index as HTML
  [1m[36mUser Load (0.5ms)[0m  [1m[34mSELECT  "users".* FROM "users" WHERE "users"."id" = $1 ORDER BY "users"."id" ASC LIMIT $2[0m  [["id", 1], ["LIMIT", 1]]
  Rendering welcome/index.html.erb within layouts/application
  Rendered welcome/index.html.erb within layouts/application (0.8ms)
Completed 200 OK in 34ms (Views: 30.5ms | ActiveRecord: 0.5ms)


Started DELETE "/users/sign_out" for 127.0.0.1 at 2017-07-18 11:51:14 -0400
Processing by Devise::SessionsController#destroy as HTML
  Parameters: {"authenticity_token"=>"ppBsPul3AZZ4vPJ8l7JRV1VU7Wru0xAPtTR/tMBQrjmIQ1WGr/QgZobXAXsk9GxgvhJtW9igphV5yL4JZb2oWw=="}
  [1m[36mUser Load (0.6ms)[0m  [1m[34mSELECT  "users".* FROM "users" WHERE "users"."id" = $1 ORDER BY "users"."id" ASC LIMIT $2[0m  [["id", 1], ["LIMIT", 1]]
  [1m[35m (0.2ms)[0m  [1m[35mBEGIN[0m
  [1m[35m (0.5ms)[0m  [1m[35mCOMMIT[0m
Redirected to http://localhost:3000/
Completed 302 Found in 9ms (ActiveRecord: 1.3ms)


Started GET "/" for 127.0.0.1 at 2017-07-18 11:51:14 -0400
Processing by WelcomeController#index as HTML
Completed 401 Unauthorized in 1ms (ActiveRecord: 0.0ms)


Started GET "/users/sign_in" for 127.0.0.1 at 2017-07-18 11:51:14 -0400
Processing by Devise::SessionsController#new as HTML
  Rendering devise/sessions/new.html.erb within layouts/application
  Rendered devise/shared/_links.html.erb (1.1ms)
  Rendered devise/sessions/new.html.erb within layouts/application (5.3ms)
Completed 200 OK in 34ms (Views: 31.5ms | ActiveRecord: 0.0ms)


  [1m[35m (117.7ms)[0m  [1m[35mCREATE TABLE "schema_migrations" ("version" character varying NOT NULL PRIMARY KEY)[0m
  [1m[35m (122.3ms)[0m  [1m[35mCREATE TABLE "ar_internal_metadata" ("key" character varying NOT NULL PRIMARY KEY, "value" character varying, "created_at" timestamp NOT NULL, "updated_at" timestamp NOT NULL)[0m
  [1m[35m (0.6ms)[0m  [1m[34mSELECT pg_try_advisory_lock(509527861063894575);[0m
  [1m[35m (1.2ms)[0m  [1m[34mSELECT "schema_migrations"."version" FROM "schema_migrations" ORDER BY "schema_migrations"."version" ASC[0m
Migrating to DeviseCreateUsers (20170718153736)
  [1m[35m (0.4ms)[0m  [1m[35mBEGIN[0m
  [1m[35m (90.3ms)[0m  [1m[35mCREATE TABLE "users" ("id" bigserial primary key, "email" character varying DEFAULT '' NOT NULL, "encrypted_password" character varying DEFAULT '' NOT NULL, "reset_password_token" character varying, "reset_password_sent_at" timestamp, "remember_created_at" timestamp, "sign_in_count" integer DEFAULT 0 NOT NULL, "current_sign_in_at" timestamp, "last_sign_in_at" timestamp, "current_sign_in_ip" inet, "last_sign_in_ip" inet, "created_at" timestamp NOT NULL, "updated_at" timestamp NOT NULL)[0m
  [1m[35m (43.5ms)[0m  [1m[35mCREATE UNIQUE INDEX  "index_users_on_email" ON "users"  ("email")[0m
  [1m[35m (45.3ms)[0m  [1m[35mCREATE UNIQUE INDEX  "index_users_on_reset_password_token" ON "users"  ("reset_password_token")[0m
  [1m[35mSQL (0.9ms)[0m  [1m[32mINSERT INTO "schema_migrations" ("version") VALUES ($1) RETURNING "version"[0m  [["version", "20170718153736"]]
  [1m[35m (12.2ms)[0m  [1m[35mCOMMIT[0m
  [1m[36mActiveRecord::InternalMetadata Load (0.6ms)[0m  [1m[34mSELECT  "ar_internal_metadata".* FROM "ar_internal_metadata" WHERE "ar_internal_metadata"."key" = $1 LIMIT $2[0m  [["key", "environment"], ["LIMIT", 1]]
  [1m[35m (0.2ms)[0m  [1m[35mBEGIN[0m
  [1m[35mSQL (11.4ms)[0m  [1m[32mINSERT INTO "ar_internal_metadata" ("key", "value", "created_at", "updated_at") VALUES ($1, $2, $3, $4) RETURNING "key"[0m  [["key", "environment"], ["value", "development"], ["created_at", "2017-07-18 18:54:25.554121"], ["updated_at", "2017-07-18 18:54:25.554121"]]
  [1m[35m (16.7ms)[0m  [1m[35mCOMMIT[0m
  [1m[35m (0.5ms)[0m  [1m[34mSELECT pg_advisory_unlock(509527861063894575)[0m
  [1m[35m (1.4ms)[0m  [1m[34mSELECT "schema_migrations"."version" FROM "schema_migrations" ORDER BY "schema_migrations"."version" ASC[0m
Started GET "/" for 127.0.0.1 at 2017-07-18 14:54:55 -0400
  [1m[35m (1.3ms)[0m  [1m[34mSELECT "schema_migrations"."version" FROM "schema_migrations" ORDER BY "schema_migrations"."version" ASC[0m
Processing by WelcomeController#index as HTML
Completed 401 Unauthorized in 21ms (ActiveRecord: 0.0ms)


Started GET "/" for 127.0.0.1 at 2017-07-18 14:54:55 -0400
Processing by WelcomeController#index as HTML
Completed 401 Unauthorized in 0ms (ActiveRecord: 0.0ms)


Started GET "/users/sign_in" for 127.0.0.1 at 2017-07-18 14:54:55 -0400
Processing by Devise::SessionsController#new as HTML
  Rendering devise/sessions/new.html.erb within layouts/application
  Rendered devise/shared/_links.html.erb (5.8ms)
  Rendered devise/sessions/new.html.erb within layouts/application (163.7ms)
Completed 200 OK in 1799ms (Views: 1742.5ms | ActiveRecord: 6.0ms)


Started GET "/users/sign_up" for 127.0.0.1 at 2017-07-18 14:55:07 -0400
Processing by Devise::RegistrationsController#new as HTML
  Rendering devise/registrations/new.html.erb within layouts/application
  Rendered devise/shared/_links.html.erb (2.8ms)
  Rendered devise/registrations/new.html.erb within layouts/application (8.9ms)
Completed 200 OK in 38ms (Views: 36.2ms | ActiveRecord: 0.0ms)


Started POST "/users" for 127.0.0.1 at 2017-07-18 14:55:24 -0400
Processing by Devise::RegistrationsController#create as HTML
  Parameters: {"utf8"=>"✓", "authenticity_token"=>"OfpRNBkFn8RXHLWYtq6wGPCH186io+60/nmoEmtorXds7v0n7s2iLOMtwZvEnmQWIDroRYfhOhK59LJZEE7Vlw==", "user"=>{"email"=>"antonio.franceskin@gmail.com", "password"=>"[FILTERED]", "password_confirmation"=>"[FILTERED]"}, "commit"=>"Sign up"}
  [1m[35m (0.1ms)[0m  [1m[35mBEGIN[0m
  [1m[36mUser Exists (1.9ms)[0m  [1m[34mSELECT  1 AS one FROM "users" WHERE "users"."email" = $1 LIMIT $2[0m  [["email", "antonio.franceskin@gmail.com"], ["LIMIT", 1]]
  [1m[35mSQL (0.6ms)[0m  [1m[32mINSERT INTO "users" ("email", "encrypted_password", "created_at", "updated_at") VALUES ($1, $2, $3, $4) RETURNING "id"[0m  [["email", "antonio.franceskin@gmail.com"], ["encrypted_password", "$2a$11$zgLUnNbP1ag4cY/Ab3tTZuIejZXWaniCJJgiaa/C4Q8hCu7KTXYyy"], ["created_at", "2017-07-18 18:55:24.253171"], ["updated_at", "2017-07-18 18:55:24.253171"]]
  [1m[35m (17.5ms)[0m  [1m[35mCOMMIT[0m
  [1m[35m (0.2ms)[0m  [1m[35mBEGIN[0m
  [1m[35mSQL (0.6ms)[0m  [1m[33mUPDATE "users" SET "sign_in_count" = $1, "current_sign_in_at" = $2, "last_sign_in_at" = $3, "current_sign_in_ip" = $4, "last_sign_in_ip" = $5, "updated_at" = $6 WHERE "users"."id" = $7[0m  [["sign_in_count", 1], ["current_sign_in_at", "2017-07-18 18:55:24.273089"], ["last_sign_in_at", "2017-07-18 18:55:24.273089"], ["current_sign_in_ip", "127.0.0.1/32"], ["last_sign_in_ip", "127.0.0.1/32"], ["updated_at", "2017-07-18 18:55:24.273842"], ["id", 1]]
  [1m[35m (3.9ms)[0m  [1m[35mCOMMIT[0m
Redirected to http://localhost:3000/
Completed 302 Found in 283ms (ActiveRecord: 24.7ms)


Started GET "/" for 127.0.0.1 at 2017-07-18 14:55:24 -0400
Processing by WelcomeController#index as HTML
  [1m[36mUser Load (0.7ms)[0m  [1m[34mSELECT  "users".* FROM "users" WHERE "users"."id" = $1 ORDER BY "users"."id" ASC LIMIT $2[0m  [["id", 1], ["LIMIT", 1]]
  Rendering welcome/index.html.erb within layouts/application
  Rendered welcome/index.html.erb within layouts/application (0.7ms)
Completed 200 OK in 51ms (Views: 18.9ms | ActiveRecord: 0.7ms)


Started DELETE "/users/sign_out" for 127.0.0.1 at 2017-07-18 14:55:27 -0400
Processing by Devise::SessionsController#destroy as HTML
  Parameters: {"authenticity_token"=>"o1OD5LCGMYIao0RdZfsaiz2dZcrocBCszgFGDXDAZtFJ/rUrmBPDajJRZcpa3gClPqsDOcRg8vp9dIUQcEwFbQ=="}
  [1m[36mUser Load (0.9ms)[0m  [1m[34mSELECT  "users".* FROM "users" WHERE "users"."id" = $1 ORDER BY "users"."id" ASC LIMIT $2[0m  [["id", 1], ["LIMIT", 1]]
Started DELETE "/users/sign_out" for 127.0.0.1 at 2017-07-18 14:55:29 -0400
Processing by Devise::SessionsController#destroy as HTML
  Parameters: {"authenticity_token"=>"o1OD5LCGMYIao0RdZfsaiz2dZcrocBCszgFGDXDAZtFJ/rUrmBPDajJRZcpa3gClPqsDOcRg8vp9dIUQcEwFbQ=="}
  [1m[36mUser Load (1.2ms)[0m  [1m[34mSELECT  "users".* FROM "users" WHERE "users"."id" = $1 ORDER BY "users"."id" ASC LIMIT $2[0m  [["id", 1], ["LIMIT", 1]]
  [1m[35m (0.5ms)[0m  [1m[35mBEGIN[0m
  [1m[35m (0.5ms)[0m  [1m[35mBEGIN[0m
  [1m[35m (1.2ms)[0m  [1m[35mCOMMIT[0m
  [1m[35m (0.4ms)[0m  [1m[35mCOMMIT[0m
Redirected to http://localhost:3000/
Redirected to http://localhost:3000/
Completed 302 Found in 139ms (ActiveRecord: 10.5ms)


Completed 302 Found in 2445ms (ActiveRecord: 1.9ms)


Started GET "/" for 127.0.0.1 at 2017-07-18 14:55:29 -0400
Processing by WelcomeController#index as HTML
Completed 401 Unauthorized in 1ms (ActiveRecord: 0.0ms)


Started GET "/users/sign_in" for 127.0.0.1 at 2017-07-18 14:55:29 -0400
Processing by Devise::SessionsController#new as HTML
  Rendering devise/sessions/new.html.erb within layouts/application
  Rendered devise/shared/_links.html.erb (1.6ms)
  Rendered devise/sessions/new.html.erb within layouts/application (7.7ms)
Completed 200 OK in 32ms (Views: 30.8ms | ActiveRecord: 0.0ms)


Started GET "/users/password/new" for 127.0.0.1 at 2017-07-18 14:55:32 -0400
Processing by Devise::PasswordsController#new as HTML
  Rendering devise/passwords/new.html.erb within layouts/application
  Rendered devise/shared/_links.html.erb (2.3ms)
  Rendered devise/passwords/new.html.erb within layouts/application (8.1ms)
Completed 200 OK in 43ms (Views: 39.5ms | ActiveRecord: 0.0ms)


Started POST "/users/password" for 127.0.0.1 at 2017-07-18 14:55:37 -0400
Processing by Devise::PasswordsController#create as HTML
  Parameters: {"utf8"=>"✓", "authenticity_token"=>"tfsCy9RyKWFj/kaHXCprOsUTp1H3wB+okUO6L8s4TNkeItOGIBu46on5aA1Qk5Xhy7Qx7L8U2tj9znyyq8h/lA==", "user"=>{"email"=>"antonio.franceskin@gmail.com"}, "commit"=>"Send me reset password instructions"}
  [1m[36mUser Load (1.6ms)[0m  [1m[34mSELECT  "users".* FROM "users" WHERE "users"."email" = $1 ORDER BY "users"."id" ASC LIMIT $2[0m  [["email", "antonio.franceskin@gmail.com"], ["LIMIT", 1]]
  [1m[36mUser Load (0.7ms)[0m  [1m[34mSELECT  "users".* FROM "users" WHERE "users"."reset_password_token" = $1 ORDER BY "users"."id" ASC LIMIT $2[0m  [["reset_password_token", "2f9caaabe15f37c71e2ff946766f0c1467a25f4aadfe17197cc36db7d5ddd23c"], ["LIMIT", 1]]
  [1m[35m (0.2ms)[0m  [1m[35mBEGIN[0m
  [1m[35mSQL (0.5ms)[0m  [1m[33mUPDATE "users" SET "reset_password_token" = $1, "reset_password_sent_at" = $2, "updated_at" = $3 WHERE "users"."id" = $4[0m  [["reset_password_token", "2f9caaabe15f37c71e2ff946766f0c1467a25f4aadfe17197cc36db7d5ddd23c"], ["reset_password_sent_at", "2017-07-18 18:55:37.646379"], ["updated_at", "2017-07-18 18:55:37.647049"], ["id", 1]]
  [1m[35m (8.0ms)[0m  [1m[35mCOMMIT[0m
  Rendering devise/mailer/reset_password_instructions.html.erb
  Rendered devise/mailer/reset_password_instructions.html.erb (1.5ms)
Devise::Mailer#reset_password_instructions: processed outbound mail in 7.8ms
Completed 500 Internal Server Error in 510ms (ActiveRecord: 11.0ms)


  
ActionView::Template::Error (Missing host to link to! Please provide the :host parameter, set default_url_options[:host], or set :only_path to true):
    2: 
    3: <p>Someone has requested a link to change your password. You can do this through the link below.</p>
    4: 
    5: <p><%= link_to 'Change my password', edit_password_url(@resource, reset_password_token: @token) %></p>
    6: 
    7: <p>If you didn't request this, please ignore this email.</p>
    8: <p>Your password won't change until you access the link above and create a new one.</p>
  
app/views/devise/mailer/reset_password_instructions.html.erb:5:in `_app_views_devise_mailer_reset_password_instructions_html_erb__4071011943585589654_70126000311240'
Started POST "/__web_console/repl_sessions/7110b5706cc990e949bb117c6ded0ed5/trace" for 127.0.0.1 at 2017-07-18 14:56:52 -0400
Started POST "/__web_console/repl_sessions/7110b5706cc990e949bb117c6ded0ed5/trace" for 127.0.0.1 at 2017-07-18 14:56:52 -0400
Started GET "/" for 127.0.0.1 at 2017-07-18 15:15:47 -0400
Processing by WelcomeController#index as HTML
Completed 401 Unauthorized in 3ms (ActiveRecord: 0.0ms)


Started GET "/users/sign_in" for 127.0.0.1 at 2017-07-18 15:15:47 -0400
Processing by Devise::SessionsController#new as HTML
  Rendering devise/sessions/new.html.erb within layouts/application
  Rendered devise/shared/_links.html.erb (4.0ms)
  Rendered devise/sessions/new.html.erb within layouts/application (11.4ms)
Completed 200 OK in 148ms (Views: 103.7ms | ActiveRecord: 7.8ms)


Started POST "/users/sign_in" for 127.0.0.1 at 2017-07-18 15:16:07 -0400
Processing by Devise::SessionsController#create as HTML
  Parameters: {"utf8"=>"✓", "authenticity_token"=>"aB0J6dUmR+Bgl1pfumg6siAbRX8UjMQZ8G4/gXPxWM9sorPua8Q5/fMYUg0uXl7JGL+zoPUsiJCsLPEseqFgVg==", "user"=>{"email"=>"antonio.franceskin@gmail.com", "password"=>"[FILTERED]", "remember_me"=>"0"}, "commit"=>"Log in"}
  [1m[36mUser Load (1.1ms)[0m  [1m[34mSELECT  "users".* FROM "users" WHERE "users"."email" = $1 ORDER BY "users"."id" ASC LIMIT $2[0m  [["email", "antonio.franceskin@gmail.com"], ["LIMIT", 1]]
Completed 401 Unauthorized in 201ms (ActiveRecord: 1.1ms)


Processing by Devise::SessionsController#new as HTML
  Parameters: {"utf8"=>"✓", "authenticity_token"=>"aB0J6dUmR+Bgl1pfumg6siAbRX8UjMQZ8G4/gXPxWM9sorPua8Q5/fMYUg0uXl7JGL+zoPUsiJCsLPEseqFgVg==", "user"=>{"email"=>"antonio.franceskin@gmail.com", "password"=>"[FILTERED]", "remember_me"=>"0"}, "commit"=>"Log in"}
  Rendering devise/sessions/new.html.erb within layouts/application
  Rendered devise/shared/_links.html.erb (0.9ms)
  Rendered devise/sessions/new.html.erb within layouts/application (4.4ms)
Completed 200 OK in 176ms (Views: 19.7ms | ActiveRecord: 0.0ms)


Started POST "/users/sign_in" for 127.0.0.1 at 2017-07-18 15:16:14 -0400
Processing by Devise::SessionsController#create as HTML
  Parameters: {"utf8"=>"✓", "authenticity_token"=>"FBEkyqioIqUDlzVZwgsmNuhzu4zjGEb4/DmWIrk+bVwQrp7NFkpcuJAYPQtWPUJN0NdNUwK4CnGge1iPsG5VxQ==", "user"=>{"email"=>"antonio.franceskin@gmail.com", "password"=>"[FILTERED]", "remember_me"=>"0"}, "commit"=>"Log in"}
  [1m[36mUser Load (1.0ms)[0m  [1m[34mSELECT  "users".* FROM "users" WHERE "users"."email" = $1 ORDER BY "users"."id" ASC LIMIT $2[0m  [["email", "antonio.franceskin@gmail.com"], ["LIMIT", 1]]
  [1m[35m (0.2ms)[0m  [1m[35mBEGIN[0m
  [1m[35mSQL (0.4ms)[0m  [1m[33mUPDATE "users" SET "current_sign_in_at" = $1, "sign_in_count" = $2, "updated_at" = $3 WHERE "users"."id" = $4[0m  [["current_sign_in_at", "2017-07-18 19:16:14.613781"], ["sign_in_count", 2], ["updated_at", "2017-07-18 19:16:14.615411"], ["id", 1]]
  [1m[35m (12.9ms)[0m  [1m[35mCOMMIT[0m
Redirected to http://localhost:3000/
Completed 302 Found in 252ms (ActiveRecord: 14.4ms)


Started GET "/" for 127.0.0.1 at 2017-07-18 15:16:14 -0400
Processing by WelcomeController#index as HTML
  [1m[36mUser Load (0.4ms)[0m  [1m[34mSELECT  "users".* FROM "users" WHERE "users"."id" = $1 ORDER BY "users"."id" ASC LIMIT $2[0m  [["id", 1], ["LIMIT", 1]]
  Rendering welcome/index.html.erb within layouts/application
  Rendered welcome/index.html.erb within layouts/application (0.7ms)
Completed 200 OK in 21ms (Views: 18.0ms | ActiveRecord: 0.4ms)


Started DELETE "/users/sign_out" for 127.0.0.1 at 2017-07-18 15:16:16 -0400
Processing by Devise::SessionsController#destroy as HTML
  Parameters: {"authenticity_token"=>"zPyNBIhbE3B5/G1CWcykoS7u/yFvLq+qkudCaMMkI5uKMcTMvkr4In8EoLXHAi+FKuDvl6Np5q+sipOERXopnA=="}
  [1m[36mUser Load (0.6ms)[0m  [1m[34mSELECT  "users".* FROM "users" WHERE "users"."id" = $1 ORDER BY "users"."id" ASC LIMIT $2[0m  [["id", 1], ["LIMIT", 1]]
  [1m[35m (0.2ms)[0m  [1m[35mBEGIN[0m
  [1m[35m (0.2ms)[0m  [1m[35mCOMMIT[0m
Redirected to http://localhost:3000/
Completed 302 Found in 9ms (ActiveRecord: 1.1ms)


Started GET "/" for 127.0.0.1 at 2017-07-18 15:16:16 -0400
Processing by WelcomeController#index as HTML
Completed 401 Unauthorized in 1ms (ActiveRecord: 0.0ms)


Started GET "/users/sign_in" for 127.0.0.1 at 2017-07-18 15:16:16 -0400
Processing by Devise::SessionsController#new as HTML
  Rendering devise/sessions/new.html.erb within layouts/application
  Rendered devise/shared/_links.html.erb (2.0ms)
  Rendered devise/sessions/new.html.erb within layouts/application (8.9ms)
Completed 200 OK in 29ms (Views: 28.3ms | ActiveRecord: 0.0ms)


Started GET "/users/password/new" for 127.0.0.1 at 2017-07-18 15:16:19 -0400
Processing by Devise::PasswordsController#new as HTML
  Rendering devise/passwords/new.html.erb within layouts/application
  Rendered devise/shared/_links.html.erb (1.7ms)
  Rendered devise/passwords/new.html.erb within layouts/application (4.8ms)
Completed 200 OK in 36ms (Views: 34.4ms | ActiveRecord: 0.0ms)


Started POST "/users/password" for 127.0.0.1 at 2017-07-18 15:16:22 -0400
Processing by Devise::PasswordsController#create as HTML
  Parameters: {"utf8"=>"✓", "authenticity_token"=>"/uAkPwQd9mslGSbYuEwcuqIWnTWDodY1DEePKSzgQYqlZaz85nidfT1FyXAaUgcl9GICnpw8Wxt/Xbne6XWC5g==", "user"=>{"email"=>"antonio.franceskin@gmail.com"}, "commit"=>"Send me reset password instructions"}
  [1m[36mUser Load (0.5ms)[0m  [1m[34mSELECT  "users".* FROM "users" WHERE "users"."email" = $1 ORDER BY "users"."id" ASC LIMIT $2[0m  [["email", "antonio.franceskin@gmail.com"], ["LIMIT", 1]]
  [1m[36mUser Load (0.5ms)[0m  [1m[34mSELECT  "users".* FROM "users" WHERE "users"."reset_password_token" = $1 ORDER BY "users"."id" ASC LIMIT $2[0m  [["reset_password_token", "1d802b61ffafaa2a300d014713fb17141abda276b1e1fbb7756360ad8a9219fc"], ["LIMIT", 1]]
  [1m[35m (0.1ms)[0m  [1m[35mBEGIN[0m
  [1m[35mSQL (0.5ms)[0m  [1m[33mUPDATE "users" SET "reset_password_token" = $1, "reset_password_sent_at" = $2, "updated_at" = $3 WHERE "users"."id" = $4[0m  [["reset_password_token", "1d802b61ffafaa2a300d014713fb17141abda276b1e1fbb7756360ad8a9219fc"], ["reset_password_sent_at", "2017-07-18 19:16:22.535522"], ["updated_at", "2017-07-18 19:16:22.536052"], ["id", 1]]
  [1m[35m (42.7ms)[0m  [1m[35mCOMMIT[0m
  Rendering devise/mailer/reset_password_instructions.html.erb
  Rendered devise/mailer/reset_password_instructions.html.erb (1.4ms)
Devise::Mailer#reset_password_instructions: processed outbound mail in 7.4ms
Completed 500 Internal Server Error in 79ms (ActiveRecord: 44.2ms)


  
ActionView::Template::Error (Missing host to link to! Please provide the :host parameter, set default_url_options[:host], or set :only_path to true):
    2: 
    3: <p>Someone has requested a link to change your password. You can do this through the link below.</p>
    4: 
    5: <p><%= link_to 'Change my password', edit_password_url(@resource, reset_password_token: @token) %></p>
    6: 
    7: <p>If you didn't request this, please ignore this email.</p>
    8: <p>Your password won't change until you access the link above and create a new one.</p>
  
app/views/devise/mailer/reset_password_instructions.html.erb:5:in `_app_views_devise_mailer_reset_password_instructions_html_erb__4071011943585589654_70125997867500'
Started GET "/" for 127.0.0.1 at 2017-07-18 15:29:09 -0400
  [1m[35m (0.7ms)[0m  [1m[34mSELECT "schema_migrations"."version" FROM "schema_migrations" ORDER BY "schema_migrations"."version" ASC[0m
Processing by WelcomeController#index as HTML
Completed 401 Unauthorized in 17ms (ActiveRecord: 0.0ms)


Started GET "/users/sign_in" for 127.0.0.1 at 2017-07-18 15:29:09 -0400
Processing by Devise::SessionsController#new as HTML
  Rendering devise/sessions/new.html.erb within layouts/application
  Rendered devise/shared/_links.html.erb (4.4ms)
  Rendered devise/sessions/new.html.erb within layouts/application (48.6ms)
Completed 200 OK in 1352ms (Views: 1302.0ms | ActiveRecord: 4.7ms)


Started POST "/users/sign_in" for 127.0.0.1 at 2017-07-18 15:29:28 -0400
Processing by Devise::SessionsController#create as HTML
  Parameters: {"utf8"=>"✓", "authenticity_token"=>"Y1VJZ6380z/6AmN0qMMp9VnV2P7uPfXQV0sZQCEPnTcRn5k4ozEN2KtkwsQUVnRdCBZV/go9oQD9hobr9YM7vA==", "user"=>{"email"=>"antonio.franceskin@gmail.com", "password"=>"[FILTERED]", "remember_me"=>"0"}, "commit"=>"Log in"}
  [1m[36mUser Load (1.5ms)[0m  [1m[34mSELECT  "users".* FROM "users" WHERE "users"."email" = $1 ORDER BY "users"."id" ASC LIMIT $2[0m  [["email", "antonio.franceskin@gmail.com"], ["LIMIT", 1]]
  [1m[35m (0.4ms)[0m  [1m[35mBEGIN[0m
  [1m[35mSQL (1.4ms)[0m  [1m[33mUPDATE "users" SET "current_sign_in_at" = $1, "last_sign_in_at" = $2, "sign_in_count" = $3, "updated_at" = $4 WHERE "users"."id" = $5[0m  [["current_sign_in_at", "2017-07-18 19:29:28.628240"], ["last_sign_in_at", "2017-07-18 19:16:14.613781"], ["sign_in_count", 3], ["updated_at", "2017-07-18 19:29:28.630239"], ["id", 1]]
  [1m[35m (11.2ms)[0m  [1m[35mCOMMIT[0m
Redirected to http://localhost:3000/
Completed 302 Found in 358ms (ActiveRecord: 14.6ms)


Started GET "/" for 127.0.0.1 at 2017-07-18 15:29:28 -0400
Processing by WelcomeController#index as HTML
  [1m[36mUser Load (0.5ms)[0m  [1m[34mSELECT  "users".* FROM "users" WHERE "users"."id" = $1 ORDER BY "users"."id" ASC LIMIT $2[0m  [["id", 1], ["LIMIT", 1]]
  Rendering welcome/index.html.erb within layouts/application
  Rendered welcome/index.html.erb within layouts/application (0.7ms)
Completed 200 OK in 21ms (Views: 18.4ms | ActiveRecord: 0.5ms)


Started DELETE "/users/sign_out" for 127.0.0.1 at 2017-07-18 15:29:30 -0400
Processing by Devise::SessionsController#destroy as HTML
  Parameters: {"authenticity_token"=>"lPEBiFYVp8mMYXZRye4kRLVF/3vqAjonwtArc940t6PQUI8rNwAQZbJC0ffUCCQVhX4a+L5oMPuqEZxmPJc+Vg=="}
  [1m[36mUser Load (0.4ms)[0m  [1m[34mSELECT  "users".* FROM "users" WHERE "users"."id" = $1 ORDER BY "users"."id" ASC LIMIT $2[0m  [["id", 1], ["LIMIT", 1]]
  [1m[35m (0.2ms)[0m  [1m[35mBEGIN[0m
  [1m[35m (0.1ms)[0m  [1m[35mCOMMIT[0m
Redirected to http://localhost:3000/
Completed 302 Found in 24ms (ActiveRecord: 0.7ms)


Started GET "/" for 127.0.0.1 at 2017-07-18 15:29:30 -0400
Processing by WelcomeController#index as HTML
Completed 401 Unauthorized in 1ms (ActiveRecord: 0.0ms)


Started GET "/users/sign_in" for 127.0.0.1 at 2017-07-18 15:29:30 -0400
Processing by Devise::SessionsController#new as HTML
  Rendering devise/sessions/new.html.erb within layouts/application
  Rendered devise/shared/_links.html.erb (1.1ms)
  Rendered devise/sessions/new.html.erb within layouts/application (3.9ms)
Completed 200 OK in 34ms (Views: 33.0ms | ActiveRecord: 0.0ms)


Started GET "/users/password/new" for 127.0.0.1 at 2017-07-18 15:29:32 -0400
Processing by Devise::PasswordsController#new as HTML
  Rendering devise/passwords/new.html.erb within layouts/application
  Rendered devise/shared/_links.html.erb (1.5ms)
  Rendered devise/passwords/new.html.erb within layouts/application (6.4ms)
Completed 200 OK in 34ms (Views: 31.8ms | ActiveRecord: 0.0ms)


Started POST "/users/password" for 127.0.0.1 at 2017-07-18 15:29:35 -0400
Processing by Devise::PasswordsController#create as HTML
  Parameters: {"utf8"=>"✓", "authenticity_token"=>"HQkYCIU6eqVgX5FHWDts1lJStD1hMQEwM45d816UVfpaHuPQc/67pqXSSEcfgpp2sanc8iwxWxWsrVIKCRWlbg==", "user"=>{"email"=>"antonio.franceskin@gmail.com"}, "commit"=>"Send me reset password instructions"}
  [1m[36mUser Load (0.5ms)[0m  [1m[34mSELECT  "users".* FROM "users" WHERE "users"."email" = $1 ORDER BY "users"."id" ASC LIMIT $2[0m  [["email", "antonio.franceskin@gmail.com"], ["LIMIT", 1]]
  [1m[36mUser Load (0.6ms)[0m  [1m[34mSELECT  "users".* FROM "users" WHERE "users"."reset_password_token" = $1 ORDER BY "users"."id" ASC LIMIT $2[0m  [["reset_password_token", "5c3eb90fef467aa0ebeeed974f7fc4cca0ba35d9f324e1ac2263758d05ec9d13"], ["LIMIT", 1]]
  [1m[35m (0.2ms)[0m  [1m[35mBEGIN[0m
  [1m[35mSQL (0.6ms)[0m  [1m[33mUPDATE "users" SET "reset_password_token" = $1, "reset_password_sent_at" = $2, "updated_at" = $3 WHERE "users"."id" = $4[0m  [["reset_password_token", "5c3eb90fef467aa0ebeeed974f7fc4cca0ba35d9f324e1ac2263758d05ec9d13"], ["reset_password_sent_at", "2017-07-18 19:29:36.167485"], ["updated_at", "2017-07-18 19:29:36.168123"], ["id", 1]]
  [1m[35m (9.6ms)[0m  [1m[35mCOMMIT[0m
  Rendering devise/mailer/reset_password_instructions.html.erb
  Rendered devise/mailer/reset_password_instructions.html.erb (1.6ms)
Devise::Mailer#reset_password_instructions: processed outbound mail in 7.7ms
Completed 500 Internal Server Error in 543ms (ActiveRecord: 11.5ms)


  
ActionView::Template::Error (Missing host to link to! Please provide the :host parameter, set default_url_options[:host], or set :only_path to true):
    2: 
    3: <p>Someone has requested a link to change your password. You can do this through the link below.</p>
    4: 
    5: <p><%= link_to 'Change my password', edit_password_url(@resource, reset_password_token: @token) %></p>
    6: 
    7: <p>If you didn't request this, please ignore this email.</p>
    8: <p>Your password won't change until you access the link above and create a new one.</p>
  
app/views/devise/mailer/reset_password_instructions.html.erb:5:in `_app_views_devise_mailer_reset_password_instructions_html_erb___2101906894912546155_70026646452280'
Started GET "/" for 127.0.0.1 at 2017-07-18 15:59:33 -0400
  
NoMethodError (undefined method `attr_accessible' for #<Class:0x007f60b2e73140>
Did you mean?  attr_accessor):
  
app/models/user.rb:6:in `<class:User>'
app/models/user.rb:1:in `<top (required)>'
config/routes.rb:2:in `block in <top (required)>'
config/routes.rb:1:in `<top (required)>'
Started GET "/" for 127.0.0.1 at 2017-07-18 16:20:38 -0400
  [1m[35m (0.6ms)[0m  [1m[34mSELECT "schema_migrations"."version" FROM "schema_migrations" ORDER BY "schema_migrations"."version" ASC[0m
Processing by WelcomeController#index as HTML
Completed 401 Unauthorized in 14ms (ActiveRecord: 0.0ms)


Started GET "/users/sign_in" for 127.0.0.1 at 2017-07-18 16:20:38 -0400
Processing by Devise::SessionsController#new as HTML
  Rendering devise/sessions/new.html.erb within layouts/application
  Rendered devise/shared/_links.html.erb (1.1ms)
  Rendered devise/sessions/new.html.erb within layouts/application (22.2ms)
Started GET "/" for 127.0.0.1 at 2017-07-18 16:20:40 -0400
Processing by WelcomeController#index as HTML
Completed 401 Unauthorized in 1ms (ActiveRecord: 0.0ms)


Started GET "/users/sign_in" for 127.0.0.1 at 2017-07-18 16:20:40 -0400
Processing by Devise::SessionsController#new as HTML
  Rendering devise/sessions/new.html.erb within layouts/application
  Rendered devise/shared/_links.html.erb (1.0ms)
  Rendered devise/sessions/new.html.erb within layouts/application (3.8ms)
Completed 200 OK in 1282ms (Views: 1247.6ms | ActiveRecord: 3.8ms)


Completed 200 OK in 83ms (Views: 82.2ms | ActiveRecord: 0.0ms)


Started POST "/users/sign_in" for 127.0.0.1 at 2017-07-18 16:20:58 -0400
Processing by Devise::SessionsController#create as HTML
  Parameters: {"utf8"=>"✓", "authenticity_token"=>"Dt9TGGjcErTEVBwmRj1DdYxVdGDdtZz/xZncXx0N+p9Kpmz0K8fEK4qkHs/9FeUp1PEcpuGWx5vt7Ma/01XXtA==", "user"=>{"email"=>"antonio.franceskin@gmail.com", "password"=>"[FILTERED]", "remember_me"=>"0"}, "commit"=>"Log in"}
  [1m[36mUser Load (1.3ms)[0m  [1m[34mSELECT  "users".* FROM "users" WHERE "users"."email" = $1 ORDER BY "users"."id" ASC LIMIT $2[0m  [["email", "antonio.franceskin@gmail.com"], ["LIMIT", 1]]
  [1m[35m (0.2ms)[0m  [1m[35mBEGIN[0m
  [1m[35mSQL (0.5ms)[0m  [1m[33mUPDATE "users" SET "current_sign_in_at" = $1, "last_sign_in_at" = $2, "sign_in_count" = $3, "updated_at" = $4 WHERE "users"."id" = $5[0m  [["current_sign_in_at", "2017-07-18 20:20:58.334601"], ["last_sign_in_at", "2017-07-18 19:29:28.628240"], ["sign_in_count", 4], ["updated_at", "2017-07-18 20:20:58.336380"], ["id", 1]]
  [1m[35m (12.0ms)[0m  [1m[35mCOMMIT[0m
Redirected to http://localhost:3000/
Completed 302 Found in 229ms (ActiveRecord: 14.1ms)


Started GET "/" for 127.0.0.1 at 2017-07-18 16:20:58 -0400
Processing by WelcomeController#index as HTML
  [1m[36mUser Load (0.5ms)[0m  [1m[34mSELECT  "users".* FROM "users" WHERE "users"."id" = $1 ORDER BY "users"."id" ASC LIMIT $2[0m  [["id", 1], ["LIMIT", 1]]
  Rendering welcome/index.html.erb within layouts/application
  Rendered welcome/index.html.erb within layouts/application (0.6ms)
Completed 200 OK in 23ms (Views: 19.7ms | ActiveRecord: 0.5ms)


Started DELETE "/users/sign_out" for 127.0.0.1 at 2017-07-18 16:20:59 -0400
Processing by Devise::SessionsController#destroy as HTML
  Parameters: {"authenticity_token"=>"EHWRGaPCVRmXcg0jSWBNAxyuweM2pNb7cH7uAZjZboFRCkQmeoTvu86odk3CjmbJe/+oliUSuuW7oXlnPB5oNw=="}
  [1m[36mUser Load (0.5ms)[0m  [1m[34mSELECT  "users".* FROM "users" WHERE "users"."id" = $1 ORDER BY "users"."id" ASC LIMIT $2[0m  [["id", 1], ["LIMIT", 1]]
  [1m[35m (0.6ms)[0m  [1m[35mBEGIN[0m
  [1m[35m (0.6ms)[0m  [1m[35mCOMMIT[0m
Redirected to http://localhost:3000/
Completed 302 Found in 12ms (ActiveRecord: 1.7ms)


Started GET "/" for 127.0.0.1 at 2017-07-18 16:20:59 -0400
Processing by WelcomeController#index as HTML
Completed 401 Unauthorized in 1ms (ActiveRecord: 0.0ms)


Started GET "/users/sign_in" for 127.0.0.1 at 2017-07-18 16:20:59 -0400
Processing by Devise::SessionsController#new as HTML
  Rendering devise/sessions/new.html.erb within layouts/application
  Rendered devise/shared/_links.html.erb (1.2ms)
  Rendered devise/sessions/new.html.erb within layouts/application (4.9ms)
Completed 200 OK in 30ms (Views: 28.6ms | ActiveRecord: 0.0ms)


Started GET "/users/password/new" for 127.0.0.1 at 2017-07-18 16:21:01 -0400
Processing by Devise::PasswordsController#new as HTML
  Rendering devise/passwords/new.html.erb within layouts/application
  Rendered devise/shared/_links.html.erb (2.3ms)
  Rendered devise/passwords/new.html.erb within layouts/application (7.6ms)
Completed 200 OK in 41ms (Views: 38.4ms | ActiveRecord: 0.0ms)


Started POST "/users/password" for 127.0.0.1 at 2017-07-18 16:21:05 -0400
Processing by Devise::PasswordsController#create as HTML
  Parameters: {"utf8"=>"✓", "authenticity_token"=>"Tbt78/Ijho59dawXXV9Y8g0glWClm6bc6clKK25QfQ/cGuIXNp3QCSRS9TUbLOLqfeczzsZcpH+pZ+sLCW9vfA==", "user"=>{"email"=>"antonio.franceskin@gmail.com"}, "commit"=>"Send me reset password instructions"}
  [1m[36mUser Load (0.7ms)[0m  [1m[34mSELECT  "users".* FROM "users" WHERE "users"."email" = $1 ORDER BY "users"."id" ASC LIMIT $2[0m  [["email", "antonio.franceskin@gmail.com"], ["LIMIT", 1]]
  [1m[36mUser Load (0.5ms)[0m  [1m[34mSELECT  "users".* FROM "users" WHERE "users"."reset_password_token" = $1 ORDER BY "users"."id" ASC LIMIT $2[0m  [["reset_password_token", "13b6366d42019aaa185bcc558faffa26a9faafb431488f2ce3fae6058f9e8fff"], ["LIMIT", 1]]
  [1m[35m (0.2ms)[0m  [1m[35mBEGIN[0m
  [1m[35mSQL (0.4ms)[0m  [1m[33mUPDATE "users" SET "reset_password_token" = $1, "reset_password_sent_at" = $2, "updated_at" = $3 WHERE "users"."id" = $4[0m  [["reset_password_token", "13b6366d42019aaa185bcc558faffa26a9faafb431488f2ce3fae6058f9e8fff"], ["reset_password_sent_at", "2017-07-18 20:21:05.249824"], ["updated_at", "2017-07-18 20:21:05.250485"], ["id", 1]]
  [1m[35m (15.9ms)[0m  [1m[35mCOMMIT[0m
  Rendering devise/mailer/reset_password_instructions.html.erb
  Rendered devise/mailer/reset_password_instructions.html.erb (0.8ms)
Devise::Mailer#reset_password_instructions: processed outbound mail in 276.7ms
Sent mail to antonio.franceskin@gmail.com (2554.2ms)
Date: Tue, 18 Jul 2017 16:21:05 -0400
From: HACK <proyecto.hack.final@gmail.com>
Reply-To: HACK <proyecto.hack.final@gmail.com>
To: antonio.franceskin@gmail.com
Message-ID: <596e6db1a26c2_4cc91d08a6c4501@antonio-HP-EliteBook-8460p.mail>
Subject: Reset password instructions
Mime-Version: 1.0
Content-Type: text/html;
 charset=UTF-8
Content-Transfer-Encoding: 7bit

<p>Hello antonio.franceskin@gmail.com!</p>

<p>Someone has requested a link to change your password. You can do this through the link below.</p>

<p><a href="http://localhost:3000/users/password/edit?reset_password_token=v2xo82t2E_-E9WZd8o6s">Change my password</a></p>

<p>If you didn't request this, please ignore this email.</p>
<p>Your password won't change until you access the link above and create a new one.</p>

Redirected to http://localhost:3000/users/sign_in
Completed 302 Found in 3218ms (ActiveRecord: 17.7ms)


Started GET "/users/sign_in" for 127.0.0.1 at 2017-07-18 16:21:08 -0400
Processing by Devise::SessionsController#new as HTML
  Rendering devise/sessions/new.html.erb within layouts/application
  Rendered devise/shared/_links.html.erb (1.8ms)
  Rendered devise/sessions/new.html.erb within layouts/application (6.0ms)
Completed 200 OK in 36ms (Views: 32.8ms | ActiveRecord: 0.0ms)


Started GET "/" for 127.0.0.1 at 2017-07-18 19:24:43 -0400
Started GET "/" for 127.0.0.1 at 2017-07-18 19:24:43 -0400
  [1m[35m (37.3ms)[0m  [1m[34mSELECT "schema_migrations"."version" FROM "schema_migrations" ORDER BY "schema_migrations"."version" ASC[0m
  [1m[35m (38.4ms)[0m  [1m[34mSELECT "schema_migrations"."version" FROM "schema_migrations" ORDER BY "schema_migrations"."version" ASC[0m
Processing by WelcomeController#index as HTML
Processing by WelcomeController#index as HTML
Completed 401 Unauthorized in 24ms (ActiveRecord: 0.0ms)


Completed 401 Unauthorized in 14ms (ActiveRecord: 0.0ms)


Started GET "/users/sign_in" for 127.0.0.1 at 2017-07-18 19:24:44 -0400
Processing by Devise::SessionsController#new as HTML
  Rendering devise/sessions/new.html.erb within layouts/application
  Rendered devise/shared/_links.html.erb (2.3ms)
  Rendered devise/sessions/new.html.erb within layouts/application (134.0ms)
Completed 200 OK in 5722ms (Views: 5642.8ms | ActiveRecord: 28.7ms)


Started POST "/users/sign_in" for 127.0.0.1 at 2017-07-18 19:25:12 -0400
Processing by Devise::SessionsController#create as HTML
  Parameters: {"utf8"=>"✓", "authenticity_token"=>"9rC2Azczn0aVRu7qxArIj+r9Tn6Agds/DiPjM7/B2D1TqMC7fkriLm+977yrins1yqmQrM0Ck4wpdq+hUyMt8w==", "user"=>{"email"=>"antonio.franceskin@gmail.com", "password"=>"[FILTERED]", "remember_me"=>"0"}, "commit"=>"Log in"}
  [1m[36mUser Load (100.2ms)[0m  [1m[34mSELECT  "users".* FROM "users" WHERE "users"."email" = $1 ORDER BY "users"."id" ASC LIMIT $2[0m  [["email", "antonio.franceskin@gmail.com"], ["LIMIT", 1]]
  [1m[35m (0.2ms)[0m  [1m[35mBEGIN[0m
  [1m[35mSQL (0.5ms)[0m  [1m[33mUPDATE "users" SET "current_sign_in_at" = $1, "last_sign_in_at" = $2, "sign_in_count" = $3, "updated_at" = $4 WHERE "users"."id" = $5[0m  [["current_sign_in_at", "2017-07-18 23:25:12.580390"], ["last_sign_in_at", "2017-07-18 20:20:58.334601"], ["sign_in_count", 5], ["updated_at", "2017-07-18 23:25:12.581477"], ["id", 1]]
  [1m[35m (8.0ms)[0m  [1m[35mCOMMIT[0m
Redirected to http://localhost:3000/
Completed 302 Found in 452ms (ActiveRecord: 108.9ms)


Started GET "/" for 127.0.0.1 at 2017-07-18 19:25:12 -0400
Processing by WelcomeController#index as HTML
  [1m[36mUser Load (0.8ms)[0m  [1m[34mSELECT  "users".* FROM "users" WHERE "users"."id" = $1 ORDER BY "users"."id" ASC LIMIT $2[0m  [["id", 1], ["LIMIT", 1]]
  Rendering welcome/index.html.erb within layouts/application
  Rendered welcome/index.html.erb within layouts/application (0.9ms)
Completed 200 OK in 53ms (Views: 25.3ms | ActiveRecord: 0.8ms)


Started DELETE "/users/sign_out" for 127.0.0.1 at 2017-07-18 19:25:16 -0400
Processing by Devise::SessionsController#destroy as HTML
  Parameters: {"authenticity_token"=>"RiRa8bu4Gfyd0pAexn8/2nNcQHHTkxvh4+LdrzlnORg4MzUwExeBfV/pQJp/9+UFTAPaxV/3S4v4giDhx3qpqw=="}
  [1m[36mUser Load (0.7ms)[0m  [1m[34mSELECT  "users".* FROM "users" WHERE "users"."id" = $1 ORDER BY "users"."id" ASC LIMIT $2[0m  [["id", 1], ["LIMIT", 1]]
  [1m[35m (0.2ms)[0m  [1m[35mBEGIN[0m
  [1m[35m (0.2ms)[0m  [1m[35mCOMMIT[0m
Redirected to http://localhost:3000/
Completed 302 Found in 40ms (ActiveRecord: 1.1ms)


Started GET "/" for 127.0.0.1 at 2017-07-18 19:25:16 -0400
Processing by WelcomeController#index as HTML
Completed 401 Unauthorized in 1ms (ActiveRecord: 0.0ms)


Started GET "/users/sign_in" for 127.0.0.1 at 2017-07-18 19:25:16 -0400
Processing by Devise::SessionsController#new as HTML
  Rendering devise/sessions/new.html.erb within layouts/application
  Rendered devise/shared/_links.html.erb (1.2ms)
  Rendered devise/sessions/new.html.erb within layouts/application (4.8ms)
Completed 200 OK in 30ms (Views: 28.1ms | ActiveRecord: 0.0ms)


Started GET "/users/password/new" for 127.0.0.1 at 2017-07-18 19:25:19 -0400
Processing by Devise::PasswordsController#new as HTML
  Rendering devise/passwords/new.html.erb within layouts/application
  Rendered devise/shared/_links.html.erb (1.8ms)
  Rendered devise/passwords/new.html.erb within layouts/application (5.5ms)
Completed 200 OK in 49ms (Views: 33.2ms | ActiveRecord: 0.0ms)


Started POST "/users/password" for 127.0.0.1 at 2017-07-18 19:25:25 -0400
Processing by Devise::PasswordsController#create as HTML
  Parameters: {"utf8"=>"✓", "authenticity_token"=>"YsNF8pj7xDNDHLztRxbELGe3brZBmlRRvi8FCQ7CjqeqaKAF5WFgcwluC9Fycs7SntWXD+n1prS3dImjb5AiBA==", "user"=>{"email"=>"antonio.franceskin@gmail.com"}, "commit"=>"Send me reset password instructions"}
  [1m[36mUser Load (1.4ms)[0m  [1m[34mSELECT  "users".* FROM "users" WHERE "users"."email" = $1 ORDER BY "users"."id" ASC LIMIT $2[0m  [["email", "antonio.franceskin@gmail.com"], ["LIMIT", 1]]
  [1m[36mUser Load (1.4ms)[0m  [1m[34mSELECT  "users".* FROM "users" WHERE "users"."reset_password_token" = $1 ORDER BY "users"."id" ASC LIMIT $2[0m  [["reset_password_token", "84f314a4962bdc2e9e93ded53912afdb323ac685a60e19d6f31f21d2ff9dcdfd"], ["LIMIT", 1]]
  [1m[35m (0.2ms)[0m  [1m[35mBEGIN[0m
  [1m[35mSQL (0.4ms)[0m  [1m[33mUPDATE "users" SET "reset_password_token" = $1, "reset_password_sent_at" = $2, "updated_at" = $3 WHERE "users"."id" = $4[0m  [["reset_password_token", "84f314a4962bdc2e9e93ded53912afdb323ac685a60e19d6f31f21d2ff9dcdfd"], ["reset_password_sent_at", "2017-07-18 23:25:25.257836"], ["updated_at", "2017-07-18 23:25:25.258436"], ["id", 1]]
  [1m[35m (37.4ms)[0m  [1m[35mCOMMIT[0m
  Rendering devise/mailer/reset_password_instructions.html.erb
  Rendered devise/mailer/reset_password_instructions.html.erb (0.9ms)
Devise::Mailer#reset_password_instructions: processed outbound mail in 340.7ms
Sent mail to antonio.franceskin@gmail.com (8265.5ms)
Date: Tue, 18 Jul 2017 19:25:25 -0400
From: HACK <proyecto.hack.final@gmail.com>
Reply-To: HACK <proyecto.hack.final@gmail.com>
To: antonio.franceskin@gmail.com
Message-ID: <596e98e5e661a_8821c80ba836c1@antonio-HP-EliteBook-8460p.mail>
Subject: Reset password instructions
Mime-Version: 1.0
Content-Type: text/html;
 charset=UTF-8
Content-Transfer-Encoding: 7bit

<p>Hello antonio.franceskin@gmail.com!</p>

<p>Someone has requested a link to change your password. You can do this through the link below.</p>

<p><a href="http://localhost:3000/users/password/edit?reset_password_token=14-A4rbZSyJET3wUGxQG">Change my password</a></p>

<p>If you didn't request this, please ignore this email.</p>
<p>Your password won't change until you access the link above and create a new one.</p>

Redirected to http://localhost:3000/users/sign_in
Completed 302 Found in 9209ms (ActiveRecord: 40.8ms)


Started GET "/users/sign_in" for 127.0.0.1 at 2017-07-18 19:25:34 -0400
Processing by Devise::SessionsController#new as HTML
  Rendering devise/sessions/new.html.erb within layouts/application
  Rendered devise/shared/_links.html.erb (1.6ms)
  Rendered devise/sessions/new.html.erb within layouts/application (6.2ms)
Completed 200 OK in 36ms (Views: 34.3ms | ActiveRecord: 0.0ms)


Started GET "/users/password/edit?reset_password_token=[FILTERED]" for 127.0.0.1 at 2017-07-18 19:26:22 -0400
Processing by Devise::PasswordsController#edit as HTML
  Parameters: {"reset_password_token"=>"[FILTERED]"}
  Rendering devise/passwords/edit.html.erb within layouts/application
  Rendered devise/shared/_links.html.erb (1.4ms)
  Rendered devise/passwords/edit.html.erb within layouts/application (17.5ms)
Completed 200 OK in 61ms (Views: 45.5ms | ActiveRecord: 0.0ms)


Started PUT "/users/password" for 127.0.0.1 at 2017-07-18 19:26:36 -0400
Processing by Devise::PasswordsController#update as HTML
  Parameters: {"utf8"=>"✓", "authenticity_token"=>"p8HQnQNMvgkljmpY8S1qnMlOp37o0x6SB/9KvnvDZ878N7b9hPWTHTUAwWKrAS+vllUBOqyMncOs5QgRvnc6IQ==", "user"=>{"reset_password_token"=>"[FILTERED]", "password"=>"[FILTERED]", "password_confirmation"=>"[FILTERED]"}, "commit"=>"Change my password"}
  [1m[36mUser Load (0.9ms)[0m  [1m[34mSELECT  "users".* FROM "users" WHERE "users"."reset_password_token" = $1 ORDER BY "users"."id" ASC LIMIT $2[0m  [["reset_password_token", "84f314a4962bdc2e9e93ded53912afdb323ac685a60e19d6f31f21d2ff9dcdfd"], ["LIMIT", 1]]
  [1m[35m (0.2ms)[0m  [1m[35mBEGIN[0m
  [1m[35mSQL (0.4ms)[0m  [1m[33mUPDATE "users" SET "reset_password_sent_at" = $1, "encrypted_password" = $2, "reset_password_token" = $3, "updated_at" = $4 WHERE "users"."id" = $5[0m  [["reset_password_sent_at", nil], ["encrypted_password", "$2a$11$rlrp9Yc2F8zhRpngr69D/OWwRs5tMgMFMEEjZ0TJgUscAR65BSyz6"], ["reset_password_token", nil], ["updated_at", "2017-07-18 23:26:36.917748"], ["id", 1]]
  [1m[35m (8.0ms)[0m  [1m[35mCOMMIT[0m
  [1m[35m (0.2ms)[0m  [1m[35mBEGIN[0m
  [1m[35mSQL (0.5ms)[0m  [1m[33mUPDATE "users" SET "sign_in_count" = $1, "current_sign_in_at" = $2, "last_sign_in_at" = $3, "updated_at" = $4 WHERE "users"."id" = $5[0m  [["sign_in_count", 6], ["current_sign_in_at", "2017-07-18 23:26:36.928372"], ["last_sign_in_at", "2017-07-18 23:25:12.580390"], ["updated_at", "2017-07-18 23:26:36.929053"], ["id", 1]]
  [1m[35m (5.2ms)[0m  [1m[35mCOMMIT[0m
Redirected to http://localhost:3000/
Completed 302 Found in 248ms (ActiveRecord: 15.2ms)


Started GET "/" for 127.0.0.1 at 2017-07-18 19:26:36 -0400
Processing by WelcomeController#index as HTML
  [1m[36mUser Load (0.4ms)[0m  [1m[34mSELECT  "users".* FROM "users" WHERE "users"."id" = $1 ORDER BY "users"."id" ASC LIMIT $2[0m  [["id", 1], ["LIMIT", 1]]
  Rendering welcome/index.html.erb within layouts/application
  Rendered welcome/index.html.erb within layouts/application (0.6ms)
Completed 200 OK in 22ms (Views: 18.2ms | ActiveRecord: 0.4ms)


Started DELETE "/users/sign_out" for 127.0.0.1 at 2017-07-18 19:26:42 -0400
Processing by Devise::SessionsController#destroy as HTML
  Parameters: {"authenticity_token"=>"pwC5iuG0m9+aprmG+kSLsOcZClRpMAdJVi8J0cUpHRD89t/qZg22y4ooErygaM6DuAKsEC1vhBj9NUt+AJ1A/w=="}
  [1m[36mUser Load (1.1ms)[0m  [1m[34mSELECT  "users".* FROM "users" WHERE "users"."id" = $1 ORDER BY "users"."id" ASC LIMIT $2[0m  [["id", 1], ["LIMIT", 1]]
  [1m[35m (0.3ms)[0m  [1m[35mBEGIN[0m
  [1m[35m (0.3ms)[0m  [1m[35mCOMMIT[0m
Redirected to http://localhost:3000/
Completed 302 Found in 11ms (ActiveRecord: 1.7ms)


Started GET "/" for 127.0.0.1 at 2017-07-18 19:26:42 -0400
Processing by WelcomeController#index as HTML
Completed 401 Unauthorized in 1ms (ActiveRecord: 0.0ms)


Started GET "/users/sign_in" for 127.0.0.1 at 2017-07-18 19:26:42 -0400
Processing by Devise::SessionsController#new as HTML
  Rendering devise/sessions/new.html.erb within layouts/application
  Rendered devise/shared/_links.html.erb (1.6ms)
  Rendered devise/sessions/new.html.erb within layouts/application (6.1ms)
Completed 200 OK in 38ms (Views: 35.3ms | ActiveRecord: 0.0ms)


Started POST "/users/sign_in" for 127.0.0.1 at 2017-07-18 19:26:58 -0400
Processing by Devise::SessionsController#create as HTML
  Parameters: {"utf8"=>"✓", "authenticity_token"=>"bPHytYq40TBqjneVnFyF5I21Z+cOhqUwTkIv2knnToJ9eAg9PpfSi5ZcKgYnTarn04d5/78lm5ecJa86r0YodA==", "user"=>{"email"=>"antonio.franceskin@gmail.com", "password"=>"[FILTERED]", "remember_me"=>"0"}, "commit"=>"Log in"}
  [1m[36mUser Load (0.7ms)[0m  [1m[34mSELECT  "users".* FROM "users" WHERE "users"."email" = $1 ORDER BY "users"."id" ASC LIMIT $2[0m  [["email", "antonio.franceskin@gmail.com"], ["LIMIT", 1]]
  [1m[35m (0.2ms)[0m  [1m[35mBEGIN[0m
  [1m[35mSQL (0.4ms)[0m  [1m[33mUPDATE "users" SET "current_sign_in_at" = $1, "last_sign_in_at" = $2, "sign_in_count" = $3, "updated_at" = $4 WHERE "users"."id" = $5[0m  [["current_sign_in_at", "2017-07-18 23:26:58.409649"], ["last_sign_in_at", "2017-07-18 23:26:36.928372"], ["sign_in_count", 7], ["updated_at", "2017-07-18 23:26:58.410443"], ["id", 1]]
  [1m[35m (8.2ms)[0m  [1m[35mCOMMIT[0m
Redirected to http://localhost:3000/
Completed 302 Found in 201ms (ActiveRecord: 9.5ms)


Started GET "/" for 127.0.0.1 at 2017-07-18 19:26:58 -0400
Processing by WelcomeController#index as HTML
  [1m[36mUser Load (0.4ms)[0m  [1m[34mSELECT  "users".* FROM "users" WHERE "users"."id" = $1 ORDER BY "users"."id" ASC LIMIT $2[0m  [["id", 1], ["LIMIT", 1]]
  Rendering welcome/index.html.erb within layouts/application
  Rendered welcome/index.html.erb within layouts/application (0.8ms)
Completed 200 OK in 19ms (Views: 16.9ms | ActiveRecord: 0.4ms)


Started DELETE "/users/sign_out" for 127.0.0.1 at 2017-07-18 19:27:00 -0400
Processing by Devise::SessionsController#destroy as HTML
  Parameters: {"authenticity_token"=>"0TwosJQw6b5YNFofiRYVUmx2LfslW+2qcvILjaeDBO1YVRC0kdtzgUUUmrwDyClhb3HVuHxfE4Of8cE8XuaEzg=="}
  [1m[36mUser Load (0.9ms)[0m  [1m[34mSELECT  "users".* FROM "users" WHERE "users"."id" = $1 ORDER BY "users"."id" ASC LIMIT $2[0m  [["id", 1], ["LIMIT", 1]]
  [1m[35m (0.2ms)[0m  [1m[35mBEGIN[0m
  [1m[35m (0.6ms)[0m  [1m[35mCOMMIT[0m
Redirected to http://localhost:3000/
Completed 302 Found in 10ms (ActiveRecord: 1.7ms)


Started GET "/" for 127.0.0.1 at 2017-07-18 19:27:00 -0400
Processing by WelcomeController#index as HTML
Completed 401 Unauthorized in 1ms (ActiveRecord: 0.0ms)


Started GET "/users/sign_in" for 127.0.0.1 at 2017-07-18 19:27:00 -0400
Processing by Devise::SessionsController#new as HTML
  Rendering devise/sessions/new.html.erb within layouts/application
  Rendered devise/shared/_links.html.erb (1.6ms)
  Rendered devise/sessions/new.html.erb within layouts/application (5.5ms)
Completed 200 OK in 31ms (Views: 29.4ms | ActiveRecord: 0.0ms)


Started GET "/users/sign_up" for 127.0.0.1 at 2017-07-18 19:27:03 -0400
Processing by Devise::RegistrationsController#new as HTML
  Rendering devise/registrations/new.html.erb within layouts/application
  Rendered devise/shared/_links.html.erb (1.6ms)
  Rendered devise/registrations/new.html.erb within layouts/application (6.5ms)
Completed 200 OK in 54ms (Views: 52.2ms | ActiveRecord: 0.0ms)


Started GET "/users/sign_in" for 127.0.0.1 at 2017-07-18 19:27:06 -0400
Processing by Devise::SessionsController#new as HTML
  Rendering devise/sessions/new.html.erb within layouts/application
  Rendered devise/shared/_links.html.erb (2.0ms)
  Rendered devise/sessions/new.html.erb within layouts/application (7.5ms)
Completed 200 OK in 42ms (Views: 39.4ms | ActiveRecord: 0.0ms)


